<?xml version="1.0" encoding="utf-8"?>
<test-run id="2" testcasecount="45" result="Passed" total="45" passed="45" failed="0" inconclusive="0" skipped="0" asserts="0" engine-version="3.5.0.0" clr-version="4.0.30319.42000" start-time="2026-09-13 15:14:01Z" end-time="2026-09-13 15:14:30Z" duration="29.0142925">
  <test-suite type="TestSuite" id="1058" name="SYNGRAVA_BattleTests" fullname="SYNGRAVA_BattleTests" runstate="Runnable" testcasecount="47" result="Passed" start-time="2026-09-13 15:14:01Z" end-time="2026-09-13 15:14:30Z" duration="29.014293" total="45" passed="45" failed="0" inconclusive="0" skipped="0" asserts="0">
    <properties>
      <property name="platform" value="PlayMode" />
    </properties>
    <test-suite type="Assembly" id="1112" name="Syngrava.Battle.PlayModeTests.dll" fullname="C:/Users/Akmal Maulana Ghani/AppData/Local/Temp/syngrava-battle-tests-fddf499483094ef2a749b54bf9cb4f12/Library/ScriptAssemblies/Syngrava.Battle.PlayModeTests.dll" runstate="Runnable" testcasecount="47" result="Passed" start-time="2026-09-13 15:14:01Z" end-time="2026-09-13 15:14:30Z" duration="28.997712" total="45" passed="45" failed="0" inconclusive="0" skipped="0" asserts="0">
      <properties>
        <property name="_PID" value="21964" />
        <property name="_APPDOMAIN" value="Unity Child Domain" />
        <property name="platform" value="PlayMode" />
        <property name="EditorOnly" value="False" />
      </properties>
      <test-suite type="TestFixture" id="1059" name="BattleSnapshotTests" fullname="BattleSnapshotTests" classname="BattleSnapshotTests" runstate="Runnable" testcasecount="45" result="Passed" start-time="2026-09-13 15:14:01Z" end-time="2026-09-13 15:14:30Z" duration="28.995039" total="45" passed="45" failed="0" inconclusive="0" skipped="0" asserts="0">
        <properties />
        <test-suite type="ParameterizedMethod" id="1078" name="AnalyzeCostRoundsUp" fullname="BattleSnapshotTests.AnalyzeCostRoundsUp" classname="BattleSnapshotTests" runstate="Runnable" testcasecount="8" result="Passed" start-time="2026-09-13 15:14:01Z" end-time="2026-09-13 15:14:02Z" duration="1.013797" total="8" passed="8" failed="0" inconclusive="0" skipped="0" asserts="0">
          <properties />
          <test-case id="1070" name="AnalyzeCostRoundsUp(1,1)" fullname="BattleSnapshotTests.AnalyzeCostRoundsUp(1,1)" methodname="AnalyzeCostRoundsUp" classname="BattleSnapshotTests" runstate="Runnable" seed="190833208" result="Passed" start-time="2026-09-13 15:14:01Z" end-time="2026-09-13 15:14:02Z" duration="0.526173" asserts="0">
            <properties>
              <property name="retryIteration" value="0" />
              <property name="repeatIteration" value="0" />
            </properties>
            <output><![CDATA[Database runtime diperbarui dari seed.
Database runtime diperbarui dari seed.
SQLite berhasil membaca skill! Nama: Shadow Strike | Mana: 2 | Power: 20
SQLite berhasil membaca skill! Nama: Shadow Strike | Mana: 2 | Power: 20
SQLite berhasil membaca enemy! Nama: Ashen Wretch | HP: 50 | Damage: 12
SQLite berhasil membaca enemy! Nama: Ashen Wretch | HP: 50 | Damage: 12
BattleManager menerima skill: Shadow Strike | Mana: 2 | Power: 20
BattleManager menerima skill: Shadow Strike | Mana: 2 | Power: 20
Temporary Run Stats telah direset.
Temporary Run Stats telah direset.
Memulai Battle 1: Ashen Wretch | HP: 50 | Damage: 12 | Reward: 10 | Run Stats: Max HP +0 | Basic Attack +0% | Guard Strength +0%
Memulai Battle 1: Ashen Wretch | HP: 50 | Damage: 12 | Reward: 10 | Run Stats: Max HP +0 | Basic Attack +0% | Guard Strength +0%
]]></output>
          </test-case>
          <test-case id="1071" name="AnalyzeCostRoundsUp(2,2)" fullname="BattleSnapshotTests.AnalyzeCostRoundsUp(2,2)" methodname="AnalyzeCostRoundsUp" classname="BattleSnapshotTests" runstate="Runnable" seed="1535829988" result="Passed" start-time="2026-09-13 15:14:02Z" end-time="2026-09-13 15:14:02Z" duration="0.079715" asserts="0">
            <properties>
              <property name="retryIteration" value="0" />
              <property name="repeatIteration" value="0" />
            </properties>
            <output><![CDATA[Database runtime diperbarui dari seed.
Database runtime diperbarui dari seed.
SQLite berhasil membaca skill! Nama: Shadow Strike | Mana: 2 | Power: 20
SQLite berhasil membaca skill! Nama: Shadow Strike | Mana: 2 | Power: 20
SQLite berhasil membaca enemy! Nama: Ashen Wretch | HP: 50 | Damage: 12
SQLite berhasil membaca enemy! Nama: Ashen Wretch | HP: 50 | Damage: 12
BattleManager menerima skill: Shadow Strike | Mana: 2 | Power: 20
BattleManager menerima skill: Shadow Strike | Mana: 2 | Power: 20
Temporary Run Stats telah direset.
Temporary Run Stats telah direset.
Memulai Battle 1: Ashen Wretch | HP: 50 | Damage: 12 | Reward: 10 | Run Stats: Max HP +0 | Basic Attack +0% | Guard Strength +0%
Memulai Battle 1: Ashen Wretch | HP: 50 | Damage: 12 | Reward: 10 | Run Stats: Max HP +0 | Basic Attack +0% | Guard Strength +0%
]]></output>
          </test-case>
          <test-case id="1072" name="AnalyzeCostRoundsUp(3,3)" fullname="BattleSnapshotTests.AnalyzeCostRoundsUp(3,3)" methodname="AnalyzeCostRoundsUp" classname="BattleSnapshotTests" runstate="Runnable" seed="998175289" result="Passed" start-time="2026-09-13 15:14:02Z" end-time="2026-09-13 15:14:02Z" duration="0.064043" asserts="0">
            <properties>
              <property name="retryIteration" value="0" />
              <property name="repeatIteration" value="0" />
            </properties>
            <output><![CDATA[Database runtime diperbarui dari seed.
Database runtime diperbarui dari seed.
SQLite berhasil membaca skill! Nama: Shadow Strike | Mana: 2 | Power: 20
SQLite berhasil membaca skill! Nama: Shadow Strike | Mana: 2 | Power: 20
SQLite berhasil membaca enemy! Nama: Ashen Wretch | HP: 50 | Damage: 12
SQLite berhasil membaca enemy! Nama: Ashen Wretch | HP: 50 | Damage: 12
BattleManager menerima skill: Shadow Strike | Mana: 2 | Power: 20
BattleManager menerima skill: Shadow Strike | Mana: 2 | Power: 20
Temporary Run Stats telah direset.
Temporary Run Stats telah direset.
Memulai Battle 1: Ashen Wretch | HP: 50 | Damage: 12 | Reward: 10 | Run Stats: Max HP +0 | Basic Attack +0% | Guard Strength +0%
Memulai Battle 1: Ashen Wretch | HP: 50 | Damage: 12 | Reward: 10 | Run Stats: Max HP +0 | Basic Attack +0% | Guard Strength +0%
]]></output>
          </test-case>
          <test-case id="1073" name="AnalyzeCostRoundsUp(4,3)" fullname="BattleSnapshotTests.AnalyzeCostRoundsUp(4,3)" methodname="AnalyzeCostRoundsUp" classname="BattleSnapshotTests" runstate="Runnable" seed="916517434" result="Passed" start-time="2026-09-13 15:14:02Z" end-time="2026-09-13 15:14:02Z" duration="0.071145" asserts="0">
            <properties>
              <property name="retryIteration" value="0" />
              <property name="repeatIteration" value="0" />
            </properties>
            <output><![CDATA[Database runtime diperbarui dari seed.
Database runtime diperbarui dari seed.
SQLite berhasil membaca skill! Nama: Shadow Strike | Mana: 2 | Power: 20
SQLite berhasil membaca skill! Nama: Shadow Strike | Mana: 2 | Power: 20
SQLite berhasil membaca enemy! Nama: Ashen Wretch | HP: 50 | Damage: 12
SQLite berhasil membaca enemy! Nama: Ashen Wretch | HP: 50 | Damage: 12
BattleManager menerima skill: Shadow Strike | Mana: 2 | Power: 20
BattleManager menerima skill: Shadow Strike | Mana: 2 | Power: 20
Temporary Run Stats telah direset.
Temporary Run Stats telah direset.
Memulai Battle 1: Ashen Wretch | HP: 50 | Damage: 12 | Reward: 10 | Run Stats: Max HP +0 | Basic Attack +0% | Guard Strength +0%
Memulai Battle 1: Ashen Wretch | HP: 50 | Damage: 12 | Reward: 10 | Run Stats: Max HP +0 | Basic Attack +0% | Guard Strength +0%
]]></output>
          </test-case>
          <test-case id="1074" name="AnalyzeCostRoundsUp(10,8)" fullname="BattleSnapshotTests.AnalyzeCostRoundsUp(10,8)" methodname="AnalyzeCostRoundsUp" classname="BattleSnapshotTests" runstate="Runnable" seed="204223254" result="Passed" start-time="2026-09-13 15:14:02Z" end-time="2026-09-13 15:14:02Z" duration="0.072132" asserts="0">
            <properties>
              <property name="retryIteration" value="0" />
              <property name="repeatIteration" value="0" />
            </properties>
            <output><![CDATA[Database runtime diperbarui dari seed.
Database runtime diperbarui dari seed.
SQLite berhasil membaca skill! Nama: Shadow Strike | Mana: 2 | Power: 20
SQLite berhasil membaca skill! Nama: Shadow Strike | Mana: 2 | Power: 20
SQLite berhasil membaca enemy! Nama: Ashen Wretch | HP: 50 | Damage: 12
SQLite berhasil membaca enemy! Nama: Ashen Wretch | HP: 50 | Damage: 12
BattleManager menerima skill: Shadow Strike | Mana: 2 | Power: 20
BattleManager menerima skill: Shadow Strike | Mana: 2 | Power: 20
Temporary Run Stats telah direset.
Temporary Run Stats telah direset.
Memulai Battle 1: Ashen Wretch | HP: 50 | Damage: 12 | Reward: 10 | Run Stats: Max HP +0 | Basic Attack +0% | Guard Strength +0%
Memulai Battle 1: Ashen Wretch | HP: 50 | Damage: 12 | Reward: 10 | Run Stats: Max HP +0 | Basic Attack +0% | Guard Strength +0%
]]></output>
          </test-case>
          <test-case id="1075" name="AnalyzeCostRoundsUp(11,9)" fullname="BattleSnapshotTests.AnalyzeCostRoundsUp(11,9)" methodname="AnalyzeCostRoundsUp" classname="BattleSnapshotTests" runstate="Runnable" seed="1056247541" result="Passed" start-time="2026-09-13 15:14:02Z" end-time="2026-09-13 15:14:02Z" duration="0.070195" asserts="0">
            <properties>
              <property name="retryIteration" value="0" />
              <property name="repeatIteration" value="0" />
            </properties>
            <output><![CDATA[Database runtime diperbarui dari seed.
Database runtime diperbarui dari seed.
SQLite berhasil membaca skill! Nama: Shadow Strike | Mana: 2 | Power: 20
SQLite berhasil membaca skill! Nama: Shadow Strike | Mana: 2 | Power: 20
SQLite berhasil membaca enemy! Nama: Ashen Wretch | HP: 50 | Damage: 12
SQLite berhasil membaca enemy! Nama: Ashen Wretch | HP: 50 | Damage: 12
BattleManager menerima skill: Shadow Strike | Mana: 2 | Power: 20
BattleManager menerima skill: Shadow Strike | Mana: 2 | Power: 20
Temporary Run Stats telah direset.
Temporary Run Stats telah direset.
Memulai Battle 1: Ashen Wretch | HP: 50 | Damage: 12 | Reward: 10 | Run Stats: Max HP +0 | Basic Attack +0% | Guard Strength +0%
Memulai Battle 1: Ashen Wretch | HP: 50 | Damage: 12 | Reward: 10 | Run Stats: Max HP +0 | Basic Attack +0% | Guard Strength +0%
]]></output>
          </test-case>
          <test-case id="1076" name="AnalyzeCostRoundsUp(12,9)" fullname="BattleSnapshotTests.AnalyzeCostRoundsUp(12,9)" methodname="AnalyzeCostRoundsUp" classname="BattleSnapshotTests" runstate="Runnable" seed="1919752208" result="Passed" start-time="2026-09-13 15:14:02Z" end-time="2026-09-13 15:14:02Z" duration="0.062932" asserts="0">
            <properties>
              <property name="retryIteration" value="0" />
              <property name="repeatIteration" value="0" />
            </properties>
            <output><![CDATA[Database runtime diperbarui dari seed.
Database runtime diperbarui dari seed.
SQLite berhasil membaca skill! Nama: Shadow Strike | Mana: 2 | Power: 20
SQLite berhasil membaca skill! Nama: Shadow Strike | Mana: 2 | Power: 20
SQLite berhasil membaca enemy! Nama: Ashen Wretch | HP: 50 | Damage: 12
SQLite berhasil membaca enemy! Nama: Ashen Wretch | HP: 50 | Damage: 12
BattleManager menerima skill: Shadow Strike | Mana: 2 | Power: 20
BattleManager menerima skill: Shadow Strike | Mana: 2 | Power: 20
Temporary Run Stats telah direset.
Temporary Run Stats telah direset.
Memulai Battle 1: Ashen Wretch | HP: 50 | Damage: 12 | Reward: 10 | Run Stats: Max HP +0 | Basic Attack +0% | Guard Strength +0%
Memulai Battle 1: Ashen Wretch | HP: 50 | Damage: 12 | Reward: 10 | Run Stats: Max HP +0 | Basic Attack +0% | Guard Strength +0%
]]></output>
          </test-case>
          <test-case id="1077" name="AnalyzeCostRoundsUp(int.MaxValue,1610612736)" fullname="BattleSnapshotTests.AnalyzeCostRoundsUp(int.MaxValue,1610612736)" methodname="AnalyzeCostRoundsUp" classname="BattleSnapshotTests" runstate="Runnable" seed="1629600275" result="Passed" start-time="2026-09-13 15:14:02Z" end-time="2026-09-13 15:14:02Z" duration="0.056832" asserts="0">
            <properties>
              <property name="retryIteration" value="0" />
              <property name="repeatIteration" value="0" />
            </properties>
            <output><![CDATA[Database runtime diperbarui dari seed.
Database runtime diperbarui dari seed.
SQLite berhasil membaca skill! Nama: Shadow Strike | Mana: 2 | Power: 20
SQLite berhasil membaca skill! Nama: Shadow Strike | Mana: 2 | Power: 20
SQLite berhasil membaca enemy! Nama: Ashen Wretch | HP: 50 | Damage: 12
SQLite berhasil membaca enemy! Nama: Ashen Wretch | HP: 50 | Damage: 12
BattleManager menerima skill: Shadow Strike | Mana: 2 | Power: 20
BattleManager menerima skill: Shadow Strike | Mana: 2 | Power: 20
Temporary Run Stats telah direset.
Temporary Run Stats telah direset.
Memulai Battle 1: Ashen Wretch | HP: 50 | Damage: 12 | Reward: 10 | Run Stats: Max HP +0 | Basic Attack +0% | Guard Strength +0%
Memulai Battle 1: Ashen Wretch | HP: 50 | Damage: 12 | Reward: 10 | Run Stats: Max HP +0 | Basic Attack +0% | Guard Strength +0%
]]></output>
          </test-case>
        </test-suite>
        <test-case id="1105" name="MissingSnapshotOnAnalyzeFailsClearlyWithoutCost" fullname="BattleSnapshotTests.MissingSnapshotOnAnalyzeFailsClearlyWithoutCost" methodname="MissingSnapshotOnAnalyzeFailsClearlyWithoutCost" classname="BattleSnapshotTests" runstate="Runnable" seed="385485958" result="Passed" start-time="2026-09-13 15:14:02Z" end-time="2026-09-13 15:14:02Z" duration="0.063715" asserts="0">
          <properties>
            <property name="retryIteration" value="0" />
            <property name="repeatIteration" value="0" />
          </properties>
          <output><![CDATA[Database runtime diperbarui dari seed.
Database runtime diperbarui dari seed.
SQLite berhasil membaca skill! Nama: Shadow Strike | Mana: 2 | Power: 20
SQLite berhasil membaca skill! Nama: Shadow Strike | Mana: 2 | Power: 20
SQLite berhasil membaca enemy! Nama: Ashen Wretch | HP: 50 | Damage: 12
SQLite berhasil membaca enemy! Nama: Ashen Wretch | HP: 50 | Damage: 12
BattleManager menerima skill: Shadow Strike | Mana: 2 | Power: 20
BattleManager menerima skill: Shadow Strike | Mana: 2 | Power: 20
Temporary Run Stats telah direset.
Temporary Run Stats telah direset.
Memulai Battle 1: Ashen Wretch | HP: 50 | Damage: 12 | Reward: 10 | Run Stats: Max HP +0 | Basic Attack +0% | Guard Strength +0%
Memulai Battle 1: Ashen Wretch | HP: 50 | Damage: 12 | Reward: 10 | Run Stats: Max HP +0 | Basic Attack +0% | Guard Strength +0%
EnemyActionPlan tidak tersedia atau tidak valid. Restart Run diperlukan.
EnemyActionPlan tidak tersedia atau tidak valid. Restart Run diperlukan.
]]></output>
        </test-case>
        <test-case id="1106" name="MissingSnapshotOnEnemyTurnNeverRebuilds" fullname="BattleSnapshotTests.MissingSnapshotOnEnemyTurnNeverRebuilds" methodname="MissingSnapshotOnEnemyTurnNeverRebuilds" classname="BattleSnapshotTests" runstate="Runnable" seed="1608119644" result="Passed" start-time="2026-09-13 15:14:02Z" end-time="2026-09-13 15:14:02Z" duration="0.063621" asserts="0">
          <properties>
            <property name="retryIteration" value="0" />
            <property name="repeatIteration" value="0" />
          </properties>
          <output><![CDATA[Database runtime diperbarui dari seed.
Database runtime diperbarui dari seed.
SQLite berhasil membaca skill! Nama: Shadow Strike | Mana: 2 | Power: 20
SQLite berhasil membaca skill! Nama: Shadow Strike | Mana: 2 | Power: 20
SQLite berhasil membaca enemy! Nama: Ashen Wretch | HP: 50 | Damage: 12
SQLite berhasil membaca enemy! Nama: Ashen Wretch | HP: 50 | Damage: 12
BattleManager menerima skill: Shadow Strike | Mana: 2 | Power: 20
BattleManager menerima skill: Shadow Strike | Mana: 2 | Power: 20
Temporary Run Stats telah direset.
Temporary Run Stats telah direset.
Memulai Battle 1: Ashen Wretch | HP: 50 | Damage: 12 | Reward: 10 | Run Stats: Max HP +0 | Basic Attack +0% | Guard Strength +0%
Memulai Battle 1: Ashen Wretch | HP: 50 | Damage: 12 | Reward: 10 | Run Stats: Max HP +0 | Basic Attack +0% | Guard Strength +0%
EnemyActionPlan tidak tersedia atau tidak valid. Restart Run diperlukan.
EnemyActionPlan tidak tersedia atau tidak valid. Restart Run diperlukan.
]]></output>
        </test-case>
        <test-case id="1079" name="Regression_AttackSkillAndInputLock" fullname="BattleSnapshotTests.Regression_AttackSkillAndInputLock" methodname="Regression_AttackSkillAndInputLock" classname="BattleSnapshotTests" runstate="Runnable" seed="954262435" result="Passed" start-time="2026-09-13 15:14:02Z" end-time="2026-09-13 15:14:03Z" duration="0.421372" asserts="0">
          <properties>
            <property name="_JOINTYPE" value="UnityCombinatorial" />
            <property name="retryIteration" value="0" />
            <property name="repeatIteration" value="0" />
          </properties>
          <output><![CDATA[Database runtime diperbarui dari seed.
Database runtime diperbarui dari seed.
SQLite berhasil membaca skill! Nama: Shadow Strike | Mana: 2 | Power: 20
SQLite berhasil membaca skill! Nama: Shadow Strike | Mana: 2 | Power: 20
SQLite berhasil membaca enemy! Nama: Ashen Wretch | HP: 50 | Damage: 12
SQLite berhasil membaca enemy! Nama: Ashen Wretch | HP: 50 | Damage: 12
BattleManager menerima skill: Shadow Strike | Mana: 2 | Power: 20
BattleManager menerima skill: Shadow Strike | Mana: 2 | Power: 20
Temporary Run Stats telah direset.
Temporary Run Stats telah direset.
Memulai Battle 1: Ashen Wretch | HP: 50 | Damage: 12 | Reward: 10 | Run Stats: Max HP +0 | Basic Attack +0% | Guard Strength +0%
Memulai Battle 1: Ashen Wretch | HP: 50 | Damage: 12 | Reward: 10 | Run Stats: Max HP +0 | Basic Attack +0% | Guard Strength +0%
]]></output>
        </test-case>
        <test-case id="1088" name="Regression_DefeatRetryAndFinalVictory" fullname="BattleSnapshotTests.Regression_DefeatRetryAndFinalVictory" methodname="Regression_DefeatRetryAndFinalVictory" classname="BattleSnapshotTests" runstate="Runnable" seed="1007493423" result="Passed" start-time="2026-09-13 15:14:03Z" end-time="2026-09-13 15:14:07Z" duration="3.820833" asserts="0">
          <properties>
            <property name="_JOINTYPE" value="UnityCombinatorial" />
            <property name="retryIteration" value="0" />
            <property name="repeatIteration" value="0" />
          </properties>
          <output><![CDATA[Database runtime diperbarui dari seed.
Database runtime diperbarui dari seed.
SQLite berhasil membaca skill! Nama: Shadow Strike | Mana: 2 | Power: 20
SQLite berhasil membaca skill! Nama: Shadow Strike | Mana: 2 | Power: 20
SQLite berhasil membaca enemy! Nama: Ashen Wretch | HP: 50 | Damage: 12
SQLite berhasil membaca enemy! Nama: Ashen Wretch | HP: 50 | Damage: 12
BattleManager menerima skill: Shadow Strike | Mana: 2 | Power: 20
BattleManager menerima skill: Shadow Strike | Mana: 2 | Power: 20
Temporary Run Stats telah direset.
Temporary Run Stats telah direset.
Memulai Battle 1: Ashen Wretch | HP: 50 | Damage: 12 | Reward: 10 | Run Stats: Max HP +0 | Basic Attack +0% | Guard Strength +0%
Memulai Battle 1: Ashen Wretch | HP: 50 | Damage: 12 | Reward: 10 | Run Stats: Max HP +0 | Basic Attack +0% | Guard Strength +0%
Temporary Run Stats telah direset.
Temporary Run Stats telah direset.
Memulai Battle 1: Ashen Wretch | HP: 50 | Damage: 12 | Reward: 10 | Run Stats: Max HP +0 | Basic Attack +0% | Guard Strength +0%
Memulai Battle 1: Ashen Wretch | HP: 50 | Damage: 12 | Reward: 10 | Run Stats: Max HP +0 | Basic Attack +0% | Guard Strength +0%
ATTACK SURGE Tier 1 dipilih. Basic Attack +10%.
ATTACK SURGE Tier 1 dipilih. Basic Attack +10%.
Run Stats: Max HP +0 | Basic Attack +10% | Guard Strength +0%
Run Stats: Max HP +0 | Basic Attack +10% | Guard Strength +0%
Memulai Battle 2: Veil Knight | HP: 65 | Damage: 14 | Reward: 18 | Run Stats: Max HP +0 | Basic Attack +10% | Guard Strength +0%
Memulai Battle 2: Veil Knight | HP: 65 | Damage: 14 | Reward: 18 | Run Stats: Max HP +0 | Basic Attack +10% | Guard Strength +0%
VITAL CORE Tier 1 dipilih. Max HP +15 | HP +15.
VITAL CORE Tier 1 dipilih. Max HP +15 | HP +15.
Run Stats: Max HP +15 | Basic Attack +10% | Guard Strength +0%
Run Stats: Max HP +15 | Basic Attack +10% | Guard Strength +0%
Memulai Battle 3: Abyss Herald | HP: 85 | Damage: 17 | Reward: 30 | Run Stats: Max HP +15 | Basic Attack +10% | Guard Strength +0%
Memulai Battle 3: Abyss Herald | HP: 85 | Damage: 17 | Reward: 30 | Run Stats: Max HP +15 | Basic Attack +10% | Guard Strength +0%
Temporary Run Stats telah direset.
Temporary Run Stats telah direset.
Memulai Battle 1: Ashen Wretch | HP: 50 | Damage: 12 | Reward: 10 | Run Stats: Max HP +0 | Basic Attack +0% | Guard Strength +0%
Memulai Battle 1: Ashen Wretch | HP: 50 | Damage: 12 | Reward: 10 | Run Stats: Max HP +0 | Basic Attack +0% | Guard Strength +0%
]]></output>
        </test-case>
        <test-case id="1081" name="Regression_EventHorizonMatchesPreviewAndResolvesOnce" fullname="BattleSnapshotTests.Regression_EventHorizonMatchesPreviewAndResolvesOnce" methodname="Regression_EventHorizonMatchesPreviewAndResolvesOnce" classname="BattleSnapshotTests" runstate="Runnable" seed="887231604" result="Passed" start-time="2026-09-13 15:14:07Z" end-time="2026-09-13 15:14:07Z" duration="0.068600" asserts="0">
          <properties>
            <property name="retryIteration" value="0" />
            <property name="repeatIteration" value="0" />
          </properties>
          <output><![CDATA[Database runtime diperbarui dari seed.
Database runtime diperbarui dari seed.
SQLite berhasil membaca skill! Nama: Shadow Strike | Mana: 2 | Power: 20
SQLite berhasil membaca skill! Nama: Shadow Strike | Mana: 2 | Power: 20
SQLite berhasil membaca enemy! Nama: Ashen Wretch | HP: 50 | Damage: 12
SQLite berhasil membaca enemy! Nama: Ashen Wretch | HP: 50 | Damage: 12
BattleManager menerima skill: Shadow Strike | Mana: 2 | Power: 20
BattleManager menerima skill: Shadow Strike | Mana: 2 | Power: 20
Temporary Run Stats telah direset.
Temporary Run Stats telah direset.
Memulai Battle 1: Ashen Wretch | HP: 50 | Damage: 12 | Reward: 10 | Run Stats: Max HP +0 | Basic Attack +0% | Guard Strength +0%
Memulai Battle 1: Ashen Wretch | HP: 50 | Damage: 12 | Reward: 10 | Run Stats: Max HP +0 | Basic Attack +0% | Guard Strength +0%
Convergence aktif: EVENT HORIZON | Skill ketiga mendapatkan tambahan 30% damage.
Convergence aktif: EVENT HORIZON | Skill ketiga mendapatkan tambahan 30% damage.
]]></output>
        </test-case>
        <test-case id="1080" name="Regression_GuardReversalPreserveSnapshot" fullname="BattleSnapshotTests.Regression_GuardReversalPreserveSnapshot" methodname="Regression_GuardReversalPreserveSnapshot" classname="BattleSnapshotTests" runstate="Runnable" seed="1678068516" result="Passed" start-time="2026-09-13 15:14:07Z" end-time="2026-09-13 15:14:07Z" duration="0.260904" asserts="0">
          <properties>
            <property name="_JOINTYPE" value="UnityCombinatorial" />
            <property name="retryIteration" value="0" />
            <property name="repeatIteration" value="0" />
          </properties>
          <output><![CDATA[Database runtime diperbarui dari seed.
Database runtime diperbarui dari seed.
SQLite berhasil membaca skill! Nama: Shadow Strike | Mana: 2 | Power: 20
SQLite berhasil membaca skill! Nama: Shadow Strike | Mana: 2 | Power: 20
SQLite berhasil membaca enemy! Nama: Ashen Wretch | HP: 50 | Damage: 12
SQLite berhasil membaca enemy! Nama: Ashen Wretch | HP: 50 | Damage: 12
BattleManager menerima skill: Shadow Strike | Mana: 2 | Power: 20
BattleManager menerima skill: Shadow Strike | Mana: 2 | Power: 20
Temporary Run Stats telah direset.
Temporary Run Stats telah direset.
Memulai Battle 1: Ashen Wretch | HP: 50 | Damage: 12 | Reward: 10 | Run Stats: Max HP +0 | Basic Attack +0% | Guard Strength +0%
Memulai Battle 1: Ashen Wretch | HP: 50 | Damage: 12 | Reward: 10 | Run Stats: Max HP +0 | Basic Attack +0% | Guard Strength +0%
Convergence aktif: REVERSAL ORBIT | Menyiapkan serangan balasan setelah menerima serangan.
Convergence aktif: REVERSAL ORBIT | Menyiapkan serangan balasan setelah menerima serangan.
]]></output>
        </test-case>
        <test-case id="1082" name="Regression_UnstablePulseRestoresOneMana" fullname="BattleSnapshotTests.Regression_UnstablePulseRestoresOneMana" methodname="Regression_UnstablePulseRestoresOneMana" classname="BattleSnapshotTests" runstate="Runnable" seed="1973035522" result="Passed" start-time="2026-09-13 15:14:07Z" end-time="2026-09-13 15:14:07Z" duration="0.064970" asserts="0">
          <properties>
            <property name="retryIteration" value="0" />
            <property name="repeatIteration" value="0" />
          </properties>
          <output><![CDATA[Database runtime diperbarui dari seed.
Database runtime diperbarui dari seed.
SQLite berhasil membaca skill! Nama: Shadow Strike | Mana: 2 | Power: 20
SQLite berhasil membaca skill! Nama: Shadow Strike | Mana: 2 | Power: 20
SQLite berhasil membaca enemy! Nama: Ashen Wretch | HP: 50 | Damage: 12
SQLite berhasil membaca enemy! Nama: Ashen Wretch | HP: 50 | Damage: 12
BattleManager menerima skill: Shadow Strike | Mana: 2 | Power: 20
BattleManager menerima skill: Shadow Strike | Mana: 2 | Power: 20
Temporary Run Stats telah direset.
Temporary Run Stats telah direset.
Memulai Battle 1: Ashen Wretch | HP: 50 | Damage: 12 | Reward: 10 | Run Stats: Max HP +0 | Basic Attack +0% | Guard Strength +0%
Memulai Battle 1: Ashen Wretch | HP: 50 | Damage: 12 | Reward: 10 | Run Stats: Max HP +0 | Basic Attack +0% | Guard Strength +0%
Convergence aktif: UNSTABLE PULSE | Memulihkan 1 Mana.
Convergence aktif: UNSTABLE PULSE | Memulihkan 1 Mana.
]]></output>
        </test-case>
        <test-case id="1087" name="RewardGenerationIsSeededDistinctAndDoesNotRerollPresentation" fullname="BattleSnapshotTests.RewardGenerationIsSeededDistinctAndDoesNotRerollPresentation" methodname="RewardGenerationIsSeededDistinctAndDoesNotRerollPresentation" classname="BattleSnapshotTests" runstate="Runnable" seed="77630967" result="Passed" start-time="2026-09-13 15:14:07Z" end-time="2026-09-13 15:14:07Z" duration="0.074125" asserts="0">
          <properties>
            <property name="retryIteration" value="0" />
            <property name="repeatIteration" value="0" />
          </properties>
          <output><![CDATA[Database runtime diperbarui dari seed.
Database runtime diperbarui dari seed.
SQLite berhasil membaca skill! Nama: Shadow Strike | Mana: 2 | Power: 20
SQLite berhasil membaca skill! Nama: Shadow Strike | Mana: 2 | Power: 20
SQLite berhasil membaca enemy! Nama: Ashen Wretch | HP: 50 | Damage: 12
SQLite berhasil membaca enemy! Nama: Ashen Wretch | HP: 50 | Damage: 12
BattleManager menerima skill: Shadow Strike | Mana: 2 | Power: 20
BattleManager menerima skill: Shadow Strike | Mana: 2 | Power: 20
Temporary Run Stats telah direset.
Temporary Run Stats telah direset.
Memulai Battle 1: Ashen Wretch | HP: 50 | Damage: 12 | Reward: 10 | Run Stats: Max HP +0 | Basic Attack +0% | Guard Strength +0%
Memulai Battle 1: Ashen Wretch | HP: 50 | Damage: 12 | Reward: 10 | Run Stats: Max HP +0 | Basic Attack +0% | Guard Strength +0%
]]></output>
        </test-case>
        <test-case id="1107" name="SnapshotPropertiesAreImmutableAndReferencesRemainAssigned" fullname="BattleSnapshotTests.SnapshotPropertiesAreImmutableAndReferencesRemainAssigned" methodname="SnapshotPropertiesAreImmutableAndReferencesRemainAssigned" classname="BattleSnapshotTests" runstate="Runnable" seed="278435867" result="Passed" start-time="2026-09-13 15:14:07Z" end-time="2026-09-13 15:14:07Z" duration="0.070693" asserts="0">
          <properties>
            <property name="retryIteration" value="0" />
            <property name="repeatIteration" value="0" />
          </properties>
          <output><![CDATA[Database runtime diperbarui dari seed.
Database runtime diperbarui dari seed.
SQLite berhasil membaca skill! Nama: Shadow Strike | Mana: 2 | Power: 20
SQLite berhasil membaca skill! Nama: Shadow Strike | Mana: 2 | Power: 20
SQLite berhasil membaca enemy! Nama: Ashen Wretch | HP: 50 | Damage: 12
SQLite berhasil membaca enemy! Nama: Ashen Wretch | HP: 50 | Damage: 12
BattleManager menerima skill: Shadow Strike | Mana: 2 | Power: 20
BattleManager menerima skill: Shadow Strike | Mana: 2 | Power: 20
Temporary Run Stats telah direset.
Temporary Run Stats telah direset.
Memulai Battle 1: Ashen Wretch | HP: 50 | Damage: 12 | Reward: 10 | Run Stats: Max HP +0 | Basic Attack +0% | Guard Strength +0%
Memulai Battle 1: Ashen Wretch | HP: 50 | Damage: 12 | Reward: 10 | Run Stats: Max HP +0 | Basic Attack +0% | Guard Strength +0%
]]></output>
        </test-case>
        <test-case id="1060" name="TC_ANL_001_EightManaRevealsPreparedPlan" fullname="BattleSnapshotTests.TC_ANL_001_EightManaRevealsPreparedPlan" methodname="TC_ANL_001_EightManaRevealsPreparedPlan" classname="BattleSnapshotTests" runstate="Runnable" seed="1020969431" result="Passed" start-time="2026-09-13 15:14:07Z" end-time="2026-09-13 15:14:07Z" duration="0.064667" asserts="0">
          <properties>
            <property name="retryIteration" value="0" />
            <property name="repeatIteration" value="0" />
          </properties>
          <output><![CDATA[Database runtime diperbarui dari seed.
Database runtime diperbarui dari seed.
SQLite berhasil membaca skill! Nama: Shadow Strike | Mana: 2 | Power: 20
SQLite berhasil membaca skill! Nama: Shadow Strike | Mana: 2 | Power: 20
SQLite berhasil membaca enemy! Nama: Ashen Wretch | HP: 50 | Damage: 12
SQLite berhasil membaca enemy! Nama: Ashen Wretch | HP: 50 | Damage: 12
BattleManager menerima skill: Shadow Strike | Mana: 2 | Power: 20
BattleManager menerima skill: Shadow Strike | Mana: 2 | Power: 20
Temporary Run Stats telah direset.
Temporary Run Stats telah direset.
Memulai Battle 1: Ashen Wretch | HP: 50 | Damage: 12 | Reward: 10 | Run Stats: Max HP +0 | Basic Attack +0% | Guard Strength +0%
Memulai Battle 1: Ashen Wretch | HP: 50 | Damage: 12 | Reward: 10 | Run Stats: Max HP +0 | Basic Attack +0% | Guard Strength +0%
]]></output>
        </test-case>
        <test-case id="1061" name="TC_ANL_002_InsufficientManaLeavesStateUntouched" fullname="BattleSnapshotTests.TC_ANL_002_InsufficientManaLeavesStateUntouched" methodname="TC_ANL_002_InsufficientManaLeavesStateUntouched" classname="BattleSnapshotTests" runstate="Runnable" seed="888670644" result="Passed" start-time="2026-09-13 15:14:07Z" end-time="2026-09-13 15:14:07Z" duration="0.063642" asserts="0">
          <properties>
            <property name="retryIteration" value="0" />
            <property name="repeatIteration" value="0" />
          </properties>
          <output><![CDATA[Database runtime diperbarui dari seed.
Database runtime diperbarui dari seed.
SQLite berhasil membaca skill! Nama: Shadow Strike | Mana: 2 | Power: 20
SQLite berhasil membaca skill! Nama: Shadow Strike | Mana: 2 | Power: 20
SQLite berhasil membaca enemy! Nama: Ashen Wretch | HP: 50 | Damage: 12
SQLite berhasil membaca enemy! Nama: Ashen Wretch | HP: 50 | Damage: 12
BattleManager menerima skill: Shadow Strike | Mana: 2 | Power: 20
BattleManager menerima skill: Shadow Strike | Mana: 2 | Power: 20
Temporary Run Stats telah direset.
Temporary Run Stats telah direset.
Memulai Battle 1: Ashen Wretch | HP: 50 | Damage: 12 | Reward: 10 | Run Stats: Max HP +0 | Basic Attack +0% | Guard Strength +0%
Memulai Battle 1: Ashen Wretch | HP: 50 | Damage: 12 | Reward: 10 | Run Stats: Max HP +0 | Basic Attack +0% | Guard Strength +0%
]]></output>
        </test-case>
        <test-case id="1062" name="TC_ANL_003_RepeatCannotChargeOrReplacePlan" fullname="BattleSnapshotTests.TC_ANL_003_RepeatCannotChargeOrReplacePlan" methodname="TC_ANL_003_RepeatCannotChargeOrReplacePlan" classname="BattleSnapshotTests" runstate="Runnable" seed="1243719756" result="Passed" start-time="2026-09-13 15:14:07Z" end-time="2026-09-13 15:14:07Z" duration="0.066784" asserts="0">
          <properties>
            <property name="retryIteration" value="0" />
            <property name="repeatIteration" value="0" />
          </properties>
          <output><![CDATA[Database runtime diperbarui dari seed.
Database runtime diperbarui dari seed.
SQLite berhasil membaca skill! Nama: Shadow Strike | Mana: 2 | Power: 20
SQLite berhasil membaca skill! Nama: Shadow Strike | Mana: 2 | Power: 20
SQLite berhasil membaca enemy! Nama: Ashen Wretch | HP: 50 | Damage: 12
SQLite berhasil membaca enemy! Nama: Ashen Wretch | HP: 50 | Damage: 12
BattleManager menerima skill: Shadow Strike | Mana: 2 | Power: 20
BattleManager menerima skill: Shadow Strike | Mana: 2 | Power: 20
Temporary Run Stats telah direset.
Temporary Run Stats telah direset.
Memulai Battle 1: Ashen Wretch | HP: 50 | Damage: 12 | Reward: 10 | Run Stats: Max HP +0 | Basic Attack +0% | Guard Strength +0%
Memulai Battle 1: Ashen Wretch | HP: 50 | Damage: 12 | Reward: 10 | Run Stats: Max HP +0 | Basic Attack +0% | Guard Strength +0%
]]></output>
        </test-case>
        <test-case id="1063" name="TC_ANL_004_ExecutionUsesRevealedSnapshotEvenIfSourceChanges" fullname="BattleSnapshotTests.TC_ANL_004_ExecutionUsesRevealedSnapshotEvenIfSourceChanges" methodname="TC_ANL_004_ExecutionUsesRevealedSnapshotEvenIfSourceChanges" classname="BattleSnapshotTests" runstate="Runnable" seed="893853604" result="Passed" start-time="2026-09-13 15:14:07Z" end-time="2026-09-13 15:14:08Z" duration="0.412330" asserts="0">
          <properties>
            <property name="_JOINTYPE" value="UnityCombinatorial" />
            <property name="retryIteration" value="0" />
            <property name="repeatIteration" value="0" />
          </properties>
          <output><![CDATA[Database runtime diperbarui dari seed.
Database runtime diperbarui dari seed.
SQLite berhasil membaca skill! Nama: Shadow Strike | Mana: 2 | Power: 20
SQLite berhasil membaca skill! Nama: Shadow Strike | Mana: 2 | Power: 20
SQLite berhasil membaca enemy! Nama: Ashen Wretch | HP: 50 | Damage: 12
SQLite berhasil membaca enemy! Nama: Ashen Wretch | HP: 50 | Damage: 12
BattleManager menerima skill: Shadow Strike | Mana: 2 | Power: 20
BattleManager menerima skill: Shadow Strike | Mana: 2 | Power: 20
Temporary Run Stats telah direset.
Temporary Run Stats telah direset.
Memulai Battle 1: Ashen Wretch | HP: 50 | Damage: 12 | Reward: 10 | Run Stats: Max HP +0 | Basic Attack +0% | Guard Strength +0%
Memulai Battle 1: Ashen Wretch | HP: 50 | Damage: 12 | Reward: 10 | Run Stats: Max HP +0 | Basic Attack +0% | Guard Strength +0%
]]></output>
        </test-case>
        <test-case id="1064" name="TC_ANL_005_RewardAdvancesOneNodeAndResetsAnalyze" fullname="BattleSnapshotTests.TC_ANL_005_RewardAdvancesOneNodeAndResetsAnalyze" methodname="TC_ANL_005_RewardAdvancesOneNodeAndResetsAnalyze" classname="BattleSnapshotTests" runstate="Runnable" seed="1806458786" result="Passed" start-time="2026-09-13 15:14:08Z" end-time="2026-09-13 15:14:09Z" duration="1.396852" asserts="0">
          <properties>
            <property name="_JOINTYPE" value="UnityCombinatorial" />
            <property name="retryIteration" value="0" />
            <property name="repeatIteration" value="0" />
          </properties>
          <output><![CDATA[Database runtime diperbarui dari seed.
Database runtime diperbarui dari seed.
SQLite berhasil membaca skill! Nama: Shadow Strike | Mana: 2 | Power: 20
SQLite berhasil membaca skill! Nama: Shadow Strike | Mana: 2 | Power: 20
SQLite berhasil membaca enemy! Nama: Ashen Wretch | HP: 50 | Damage: 12
SQLite berhasil membaca enemy! Nama: Ashen Wretch | HP: 50 | Damage: 12
BattleManager menerima skill: Shadow Strike | Mana: 2 | Power: 20
BattleManager menerima skill: Shadow Strike | Mana: 2 | Power: 20
Temporary Run Stats telah direset.
Temporary Run Stats telah direset.
Memulai Battle 1: Ashen Wretch | HP: 50 | Damage: 12 | Reward: 10 | Run Stats: Max HP +0 | Basic Attack +0% | Guard Strength +0%
Memulai Battle 1: Ashen Wretch | HP: 50 | Damage: 12 | Reward: 10 | Run Stats: Max HP +0 | Basic Attack +0% | Guard Strength +0%
ATTACK SURGE Tier 1 dipilih. Basic Attack +10%.
ATTACK SURGE Tier 1 dipilih. Basic Attack +10%.
Run Stats: Max HP +0 | Basic Attack +10% | Guard Strength +0%
Run Stats: Max HP +0 | Basic Attack +10% | Guard Strength +0%
Memulai Battle 2: Veil Knight | HP: 65 | Damage: 14 | Reward: 18 | Run Stats: Max HP +0 | Basic Attack +10% | Guard Strength +0%
Memulai Battle 2: Veil Knight | HP: 65 | Damage: 14 | Reward: 18 | Run Stats: Max HP +0 | Basic Attack +10% | Guard Strength +0%
]]></output>
        </test-case>
        <test-case id="1065" name="TC_ANL_006_TwoOrbitActionsAreUnchanged" fullname="BattleSnapshotTests.TC_ANL_006_TwoOrbitActionsAreUnchanged" methodname="TC_ANL_006_TwoOrbitActionsAreUnchanged" classname="BattleSnapshotTests" runstate="Runnable" seed="2079988633" result="Passed" start-time="2026-09-13 15:14:09Z" end-time="2026-09-13 15:14:09Z" duration="0.059543" asserts="0">
          <properties>
            <property name="retryIteration" value="0" />
            <property name="repeatIteration" value="0" />
          </properties>
          <output><![CDATA[Database runtime diperbarui dari seed.
Database runtime diperbarui dari seed.
SQLite berhasil membaca skill! Nama: Shadow Strike | Mana: 2 | Power: 20
SQLite berhasil membaca skill! Nama: Shadow Strike | Mana: 2 | Power: 20
SQLite berhasil membaca enemy! Nama: Ashen Wretch | HP: 50 | Damage: 12
SQLite berhasil membaca enemy! Nama: Ashen Wretch | HP: 50 | Damage: 12
BattleManager menerima skill: Shadow Strike | Mana: 2 | Power: 20
BattleManager menerima skill: Shadow Strike | Mana: 2 | Power: 20
Temporary Run Stats telah direset.
Temporary Run Stats telah direset.
Memulai Battle 1: Ashen Wretch | HP: 50 | Damage: 12 | Reward: 10 | Run Stats: Max HP +0 | Basic Attack +0% | Guard Strength +0%
Memulai Battle 1: Ashen Wretch | HP: 50 | Damage: 12 | Reward: 10 | Run Stats: Max HP +0 | Basic Attack +0% | Guard Strength +0%
]]></output>
        </test-case>
        <test-case id="1066" name="TC_ANL_007_AnalyzeDoesNotScheduleEnemyAndAllowsValidCommands" fullname="BattleSnapshotTests.TC_ANL_007_AnalyzeDoesNotScheduleEnemyAndAllowsValidCommands" methodname="TC_ANL_007_AnalyzeDoesNotScheduleEnemyAndAllowsValidCommands" classname="BattleSnapshotTests" runstate="Runnable" seed="1709373098" result="Passed" start-time="2026-09-13 15:14:09Z" end-time="2026-09-13 15:14:10Z" duration="0.363862" asserts="0">
          <properties>
            <property name="_JOINTYPE" value="UnityCombinatorial" />
            <property name="retryIteration" value="0" />
            <property name="repeatIteration" value="0" />
          </properties>
          <output><![CDATA[Database runtime diperbarui dari seed.
Database runtime diperbarui dari seed.
SQLite berhasil membaca skill! Nama: Shadow Strike | Mana: 2 | Power: 20
SQLite berhasil membaca skill! Nama: Shadow Strike | Mana: 2 | Power: 20
SQLite berhasil membaca enemy! Nama: Ashen Wretch | HP: 50 | Damage: 12
SQLite berhasil membaca enemy! Nama: Ashen Wretch | HP: 50 | Damage: 12
BattleManager menerima skill: Shadow Strike | Mana: 2 | Power: 20
BattleManager menerima skill: Shadow Strike | Mana: 2 | Power: 20
Temporary Run Stats telah direset.
Temporary Run Stats telah direset.
Memulai Battle 1: Ashen Wretch | HP: 50 | Damage: 12 | Reward: 10 | Run Stats: Max HP +0 | Basic Attack +0% | Guard Strength +0%
Memulai Battle 1: Ashen Wretch | HP: 50 | Damage: 12 | Reward: 10 | Run Stats: Max HP +0 | Basic Attack +0% | Guard Strength +0%
]]></output>
        </test-case>
        <test-case id="1067" name="TC_HVR_001_PreviewIsHiddenUntilTwoOrbitActions" fullname="BattleSnapshotTests.TC_HVR_001_PreviewIsHiddenUntilTwoOrbitActions" methodname="TC_HVR_001_PreviewIsHiddenUntilTwoOrbitActions" classname="BattleSnapshotTests" runstate="Runnable" seed="801251786" result="Passed" start-time="2026-09-13 15:14:10Z" end-time="2026-09-13 15:14:10Z" duration="0.666205" asserts="0">
          <properties>
            <property name="_JOINTYPE" value="UnityCombinatorial" />
            <property name="retryIteration" value="0" />
            <property name="repeatIteration" value="0" />
          </properties>
          <output><![CDATA[Database runtime diperbarui dari seed.
Database runtime diperbarui dari seed.
SQLite berhasil membaca skill! Nama: Shadow Strike | Mana: 2 | Power: 20
SQLite berhasil membaca skill! Nama: Shadow Strike | Mana: 2 | Power: 20
SQLite berhasil membaca enemy! Nama: Ashen Wretch | HP: 50 | Damage: 12
SQLite berhasil membaca enemy! Nama: Ashen Wretch | HP: 50 | Damage: 12
BattleManager menerima skill: Shadow Strike | Mana: 2 | Power: 20
BattleManager menerima skill: Shadow Strike | Mana: 2 | Power: 20
Temporary Run Stats telah direset.
Temporary Run Stats telah direset.
Memulai Battle 1: Ashen Wretch | HP: 50 | Damage: 12 | Reward: 10 | Run Stats: Max HP +0 | Basic Attack +0% | Guard Strength +0%
Memulai Battle 1: Ashen Wretch | HP: 50 | Damage: 12 | Reward: 10 | Run Stats: Max HP +0 | Basic Attack +0% | Guard Strength +0%
]]></output>
        </test-case>
        <test-case id="1068" name="TC_HVR_002_EachValidCommandShowsOnlyItsOwnPreviewAboveButton" fullname="BattleSnapshotTests.TC_HVR_002_EachValidCommandShowsOnlyItsOwnPreviewAboveButton" methodname="TC_HVR_002_EachValidCommandShowsOnlyItsOwnPreviewAboveButton" classname="BattleSnapshotTests" runstate="Runnable" seed="543897954" result="Passed" start-time="2026-09-13 15:14:10Z" end-time="2026-09-13 15:14:11Z" duration="0.670827" asserts="0">
          <properties>
            <property name="_JOINTYPE" value="UnityCombinatorial" />
            <property name="retryIteration" value="0" />
            <property name="repeatIteration" value="0" />
          </properties>
          <output><![CDATA[Database runtime diperbarui dari seed.
Database runtime diperbarui dari seed.
SQLite berhasil membaca skill! Nama: Shadow Strike | Mana: 2 | Power: 20
SQLite berhasil membaca skill! Nama: Shadow Strike | Mana: 2 | Power: 20
SQLite berhasil membaca enemy! Nama: Ashen Wretch | HP: 50 | Damage: 12
SQLite berhasil membaca enemy! Nama: Ashen Wretch | HP: 50 | Damage: 12
BattleManager menerima skill: Shadow Strike | Mana: 2 | Power: 20
BattleManager menerima skill: Shadow Strike | Mana: 2 | Power: 20
Temporary Run Stats telah direset.
Temporary Run Stats telah direset.
Memulai Battle 1: Ashen Wretch | HP: 50 | Damage: 12 | Reward: 10 | Run Stats: Max HP +0 | Basic Attack +0% | Guard Strength +0%
Memulai Battle 1: Ashen Wretch | HP: 50 | Damage: 12 | Reward: 10 | Run Stats: Max HP +0 | Basic Attack +0% | Guard Strength +0%
]]></output>
        </test-case>
        <test-case id="1069" name="TC_HVR_003_FocusPointerOverlapAndExecutionStayConsistent" fullname="BattleSnapshotTests.TC_HVR_003_FocusPointerOverlapAndExecutionStayConsistent" methodname="TC_HVR_003_FocusPointerOverlapAndExecutionStayConsistent" classname="BattleSnapshotTests" runstate="Runnable" seed="1878942465" result="Passed" start-time="2026-09-13 15:14:11Z" end-time="2026-09-13 15:14:12Z" duration="0.697605" asserts="0">
          <properties>
            <property name="_JOINTYPE" value="UnityCombinatorial" />
            <property name="retryIteration" value="0" />
            <property name="repeatIteration" value="0" />
          </properties>
          <output><![CDATA[Database runtime diperbarui dari seed.
Database runtime diperbarui dari seed.
SQLite berhasil membaca skill! Nama: Shadow Strike | Mana: 2 | Power: 20
SQLite berhasil membaca skill! Nama: Shadow Strike | Mana: 2 | Power: 20
SQLite berhasil membaca enemy! Nama: Ashen Wretch | HP: 50 | Damage: 12
SQLite berhasil membaca enemy! Nama: Ashen Wretch | HP: 50 | Damage: 12
BattleManager menerima skill: Shadow Strike | Mana: 2 | Power: 20
BattleManager menerima skill: Shadow Strike | Mana: 2 | Power: 20
Temporary Run Stats telah direset.
Temporary Run Stats telah direset.
Memulai Battle 1: Ashen Wretch | HP: 50 | Damage: 12 | Reward: 10 | Run Stats: Max HP +0 | Basic Attack +0% | Guard Strength +0%
Memulai Battle 1: Ashen Wretch | HP: 50 | Damage: 12 | Reward: 10 | Run Stats: Max HP +0 | Basic Attack +0% | Guard Strength +0%
Convergence aktif: EVENT HORIZON | Skill ketiga mendapatkan tambahan 30% damage.
Convergence aktif: EVENT HORIZON | Skill ketiga mendapatkan tambahan 30% damage.
]]></output>
        </test-case>
        <test-case id="1093" name="TC_ORB_001_OrbitSlotsFormDropdownLeftOfPlayer" fullname="BattleSnapshotTests.TC_ORB_001_OrbitSlotsFormDropdownLeftOfPlayer" methodname="TC_ORB_001_OrbitSlotsFormDropdownLeftOfPlayer" classname="BattleSnapshotTests" runstate="Runnable" seed="1180574957" result="Passed" start-time="2026-09-13 15:14:12Z" end-time="2026-09-13 15:14:12Z" duration="0.058453" asserts="0">
          <properties>
            <property name="retryIteration" value="0" />
            <property name="repeatIteration" value="0" />
          </properties>
          <output><![CDATA[Database runtime diperbarui dari seed.
Database runtime diperbarui dari seed.
SQLite berhasil membaca skill! Nama: Shadow Strike | Mana: 2 | Power: 20
SQLite berhasil membaca skill! Nama: Shadow Strike | Mana: 2 | Power: 20
SQLite berhasil membaca enemy! Nama: Ashen Wretch | HP: 50 | Damage: 12
SQLite berhasil membaca enemy! Nama: Ashen Wretch | HP: 50 | Damage: 12
BattleManager menerima skill: Shadow Strike | Mana: 2 | Power: 20
BattleManager menerima skill: Shadow Strike | Mana: 2 | Power: 20
Temporary Run Stats telah direset.
Temporary Run Stats telah direset.
Memulai Battle 1: Ashen Wretch | HP: 50 | Damage: 12 | Reward: 10 | Run Stats: Max HP +0 | Basic Attack +0% | Guard Strength +0%
Memulai Battle 1: Ashen Wretch | HP: 50 | Damage: 12 | Reward: 10 | Run Stats: Max HP +0 | Basic Attack +0% | Guard Strength +0%
]]></output>
        </test-case>
        <test-case id="1094" name="TC_ORB_002_AuthoredFrameAndActionIconsAreConfigured" fullname="BattleSnapshotTests.TC_ORB_002_AuthoredFrameAndActionIconsAreConfigured" methodname="TC_ORB_002_AuthoredFrameAndActionIconsAreConfigured" classname="BattleSnapshotTests" runstate="Runnable" seed="607836496" result="Passed" start-time="2026-09-13 15:14:12Z" end-time="2026-09-13 15:14:12Z" duration="0.088868" asserts="0">
          <properties>
            <property name="retryIteration" value="0" />
            <property name="repeatIteration" value="0" />
          </properties>
          <output><![CDATA[Database runtime diperbarui dari seed.
Database runtime diperbarui dari seed.
SQLite berhasil membaca skill! Nama: Shadow Strike | Mana: 2 | Power: 20
SQLite berhasil membaca skill! Nama: Shadow Strike | Mana: 2 | Power: 20
SQLite berhasil membaca enemy! Nama: Ashen Wretch | HP: 50 | Damage: 12
SQLite berhasil membaca enemy! Nama: Ashen Wretch | HP: 50 | Damage: 12
BattleManager menerima skill: Shadow Strike | Mana: 2 | Power: 20
BattleManager menerima skill: Shadow Strike | Mana: 2 | Power: 20
Temporary Run Stats telah direset.
Temporary Run Stats telah direset.
Memulai Battle 1: Ashen Wretch | HP: 50 | Damage: 12 | Reward: 10 | Run Stats: Max HP +0 | Basic Attack +0% | Guard Strength +0%
Memulai Battle 1: Ashen Wretch | HP: 50 | Damage: 12 | Reward: 10 | Run Stats: Max HP +0 | Basic Attack +0% | Guard Strength +0%
]]></output>
        </test-case>
        <test-case id="1095" name="TC_ORB_003_RuntimeButtonActionsRenderOrbitIcons" fullname="BattleSnapshotTests.TC_ORB_003_RuntimeButtonActionsRenderOrbitIcons" methodname="TC_ORB_003_RuntimeButtonActionsRenderOrbitIcons" classname="BattleSnapshotTests" runstate="Runnable" seed="1862032843" result="Passed" start-time="2026-09-13 15:14:12Z" end-time="2026-09-13 15:14:13Z" duration="1.458454" asserts="0">
          <properties>
            <property name="_JOINTYPE" value="UnityCombinatorial" />
            <property name="retryIteration" value="0" />
            <property name="repeatIteration" value="0" />
          </properties>
          <output><![CDATA[Database runtime diperbarui dari seed.
Database runtime diperbarui dari seed.
SQLite berhasil membaca skill! Nama: Shadow Strike | Mana: 2 | Power: 20
SQLite berhasil membaca skill! Nama: Shadow Strike | Mana: 2 | Power: 20
SQLite berhasil membaca enemy! Nama: Ashen Wretch | HP: 50 | Damage: 12
SQLite berhasil membaca enemy! Nama: Ashen Wretch | HP: 50 | Damage: 12
BattleManager menerima skill: Shadow Strike | Mana: 2 | Power: 20
BattleManager menerima skill: Shadow Strike | Mana: 2 | Power: 20
Temporary Run Stats telah direset.
Temporary Run Stats telah direset.
Memulai Battle 1: Ashen Wretch | HP: 50 | Damage: 12 | Reward: 10 | Run Stats: Max HP +0 | Basic Attack +0% | Guard Strength +0%
Memulai Battle 1: Ashen Wretch | HP: 50 | Damage: 12 | Reward: 10 | Run Stats: Max HP +0 | Basic Attack +0% | Guard Strength +0%
]]></output>
        </test-case>
        <test-case id="1096" name="TC_ORB_004_StageEntranceSlidesInFromLeftAndSettles" fullname="BattleSnapshotTests.TC_ORB_004_StageEntranceSlidesInFromLeftAndSettles" methodname="TC_ORB_004_StageEntranceSlidesInFromLeftAndSettles" classname="BattleSnapshotTests" runstate="Runnable" seed="519184329" result="Passed" start-time="2026-09-13 15:14:13Z" end-time="2026-09-13 15:14:14Z" duration="1.061957" asserts="0">
          <properties>
            <property name="_JOINTYPE" value="UnityCombinatorial" />
            <property name="retryIteration" value="0" />
            <property name="repeatIteration" value="0" />
          </properties>
          <output><![CDATA[Database runtime diperbarui dari seed.
Database runtime diperbarui dari seed.
SQLite berhasil membaca skill! Nama: Shadow Strike | Mana: 2 | Power: 20
SQLite berhasil membaca skill! Nama: Shadow Strike | Mana: 2 | Power: 20
SQLite berhasil membaca enemy! Nama: Ashen Wretch | HP: 50 | Damage: 12
SQLite berhasil membaca enemy! Nama: Ashen Wretch | HP: 50 | Damage: 12
BattleManager menerima skill: Shadow Strike | Mana: 2 | Power: 20
BattleManager menerima skill: Shadow Strike | Mana: 2 | Power: 20
Temporary Run Stats telah direset.
Temporary Run Stats telah direset.
Memulai Battle 1: Ashen Wretch | HP: 50 | Damage: 12 | Reward: 10 | Run Stats: Max HP +0 | Basic Attack +0% | Guard Strength +0%
Memulai Battle 1: Ashen Wretch | HP: 50 | Damage: 12 | Reward: 10 | Run Stats: Max HP +0 | Basic Attack +0% | Guard Strength +0%
]]></output>
        </test-case>
        <test-case id="1089" name="TC_RES_001_OnlyNewRunInitializesResources" fullname="BattleSnapshotTests.TC_RES_001_OnlyNewRunInitializesResources" methodname="TC_RES_001_OnlyNewRunInitializesResources" classname="BattleSnapshotTests" runstate="Runnable" seed="837487245" result="Passed" start-time="2026-09-13 15:14:14Z" end-time="2026-09-13 15:14:14Z" duration="0.083437" asserts="0">
          <properties>
            <property name="retryIteration" value="0" />
            <property name="repeatIteration" value="0" />
          </properties>
          <output><![CDATA[Database runtime diperbarui dari seed.
Database runtime diperbarui dari seed.
SQLite berhasil membaca skill! Nama: Shadow Strike | Mana: 2 | Power: 20
SQLite berhasil membaca skill! Nama: Shadow Strike | Mana: 2 | Power: 20
SQLite berhasil membaca enemy! Nama: Ashen Wretch | HP: 50 | Damage: 12
SQLite berhasil membaca enemy! Nama: Ashen Wretch | HP: 50 | Damage: 12
BattleManager menerima skill: Shadow Strike | Mana: 2 | Power: 20
BattleManager menerima skill: Shadow Strike | Mana: 2 | Power: 20
Temporary Run Stats telah direset.
Temporary Run Stats telah direset.
Memulai Battle 1: Ashen Wretch | HP: 50 | Damage: 12 | Reward: 10 | Run Stats: Max HP +0 | Basic Attack +0% | Guard Strength +0%
Memulai Battle 1: Ashen Wretch | HP: 50 | Damage: 12 | Reward: 10 | Run Stats: Max HP +0 | Basic Attack +0% | Guard Strength +0%
Memulai Battle 1: Ashen Wretch | HP: 50 | Damage: 12 | Reward: 10 | Run Stats: Max HP +0 | Basic Attack +0% | Guard Strength +0%
Memulai Battle 1: Ashen Wretch | HP: 50 | Damage: 12 | Reward: 10 | Run Stats: Max HP +0 | Basic Attack +0% | Guard Strength +0%
]]></output>
        </test-case>
        <test-case id="1090" name="TC_RES_002_AllRewardsCarryCurrentHPAndMana" fullname="BattleSnapshotTests.TC_RES_002_AllRewardsCarryCurrentHPAndMana" methodname="TC_RES_002_AllRewardsCarryCurrentHPAndMana" classname="BattleSnapshotTests" runstate="Runnable" seed="2074420764" result="Passed" start-time="2026-09-13 15:14:14Z" end-time="2026-09-13 15:14:19Z" duration="4.946949" asserts="0">
          <properties>
            <property name="_JOINTYPE" value="UnityCombinatorial" />
            <property name="retryIteration" value="0" />
            <property name="repeatIteration" value="0" />
          </properties>
          <output><![CDATA[Database runtime diperbarui dari seed.
Database runtime diperbarui dari seed.
SQLite berhasil membaca skill! Nama: Shadow Strike | Mana: 2 | Power: 20
SQLite berhasil membaca skill! Nama: Shadow Strike | Mana: 2 | Power: 20
SQLite berhasil membaca enemy! Nama: Ashen Wretch | HP: 50 | Damage: 12
SQLite berhasil membaca enemy! Nama: Ashen Wretch | HP: 50 | Damage: 12
BattleManager menerima skill: Shadow Strike | Mana: 2 | Power: 20
BattleManager menerima skill: Shadow Strike | Mana: 2 | Power: 20
Temporary Run Stats telah direset.
Temporary Run Stats telah direset.
Memulai Battle 1: Ashen Wretch | HP: 50 | Damage: 12 | Reward: 10 | Run Stats: Max HP +0 | Basic Attack +0% | Guard Strength +0%
Memulai Battle 1: Ashen Wretch | HP: 50 | Damage: 12 | Reward: 10 | Run Stats: Max HP +0 | Basic Attack +0% | Guard Strength +0%
Temporary Run Stats telah direset.
Temporary Run Stats telah direset.
Memulai Battle 1: Ashen Wretch | HP: 50 | Damage: 12 | Reward: 10 | Run Stats: Max HP +0 | Basic Attack +0% | Guard Strength +0%
Memulai Battle 1: Ashen Wretch | HP: 50 | Damage: 12 | Reward: 10 | Run Stats: Max HP +0 | Basic Attack +0% | Guard Strength +0%
ATTACK SURGE Tier 1 dipilih. Basic Attack +10%.
ATTACK SURGE Tier 1 dipilih. Basic Attack +10%.
Run Stats: Max HP +0 | Basic Attack +10% | Guard Strength +0%
Run Stats: Max HP +0 | Basic Attack +10% | Guard Strength +0%
Memulai Battle 2: Veil Knight | HP: 65 | Damage: 14 | Reward: 18 | Run Stats: Max HP +0 | Basic Attack +10% | Guard Strength +0%
Memulai Battle 2: Veil Knight | HP: 65 | Damage: 14 | Reward: 18 | Run Stats: Max HP +0 | Basic Attack +10% | Guard Strength +0%
Temporary Run Stats telah direset.
Temporary Run Stats telah direset.
Memulai Battle 1: Ashen Wretch | HP: 50 | Damage: 12 | Reward: 10 | Run Stats: Max HP +0 | Basic Attack +0% | Guard Strength +0%
Memulai Battle 1: Ashen Wretch | HP: 50 | Damage: 12 | Reward: 10 | Run Stats: Max HP +0 | Basic Attack +0% | Guard Strength +0%
VITAL CORE Tier 1 dipilih. Max HP +15 | HP +15.
VITAL CORE Tier 1 dipilih. Max HP +15 | HP +15.
Run Stats: Max HP +15 | Basic Attack +0% | Guard Strength +0%
Run Stats: Max HP +15 | Basic Attack +0% | Guard Strength +0%
Memulai Battle 2: Veil Knight | HP: 65 | Damage: 14 | Reward: 18 | Run Stats: Max HP +15 | Basic Attack +0% | Guard Strength +0%
Memulai Battle 2: Veil Knight | HP: 65 | Damage: 14 | Reward: 18 | Run Stats: Max HP +15 | Basic Attack +0% | Guard Strength +0%
Temporary Run Stats telah direset.
Temporary Run Stats telah direset.
Memulai Battle 1: Ashen Wretch | HP: 50 | Damage: 12 | Reward: 10 | Run Stats: Max HP +0 | Basic Attack +0% | Guard Strength +0%
Memulai Battle 1: Ashen Wretch | HP: 50 | Damage: 12 | Reward: 10 | Run Stats: Max HP +0 | Basic Attack +0% | Guard Strength +0%
GUARD RESONANCE Tier 1 dipilih. Guard Strength +20%.
GUARD RESONANCE Tier 1 dipilih. Guard Strength +20%.
Run Stats: Max HP +0 | Basic Attack +0% | Guard Strength +20%
Run Stats: Max HP +0 | Basic Attack +0% | Guard Strength +20%
Memulai Battle 2: Veil Knight | HP: 65 | Damage: 14 | Reward: 18 | Run Stats: Max HP +0 | Basic Attack +0% | Guard Strength +20%
Memulai Battle 2: Veil Knight | HP: 65 | Damage: 14 | Reward: 18 | Run Stats: Max HP +0 | Basic Attack +0% | Guard Strength +20%
]]></output>
        </test-case>
        <test-case id="1091" name="TC_RES_003_VitalCoreAddsMaxAndCurrentHPAcrossTwoNodes" fullname="BattleSnapshotTests.TC_RES_003_VitalCoreAddsMaxAndCurrentHPAcrossTwoNodes" methodname="TC_RES_003_VitalCoreAddsMaxAndCurrentHPAcrossTwoNodes" classname="BattleSnapshotTests" runstate="Runnable" seed="476633638" result="Passed" start-time="2026-09-13 15:14:19Z" end-time="2026-09-13 15:14:22Z" duration="2.715450" asserts="0">
          <properties>
            <property name="_JOINTYPE" value="UnityCombinatorial" />
            <property name="retryIteration" value="0" />
            <property name="repeatIteration" value="0" />
          </properties>
          <output><![CDATA[Database runtime diperbarui dari seed.
Database runtime diperbarui dari seed.
SQLite berhasil membaca skill! Nama: Shadow Strike | Mana: 2 | Power: 20
SQLite berhasil membaca skill! Nama: Shadow Strike | Mana: 2 | Power: 20
SQLite berhasil membaca enemy! Nama: Ashen Wretch | HP: 50 | Damage: 12
SQLite berhasil membaca enemy! Nama: Ashen Wretch | HP: 50 | Damage: 12
BattleManager menerima skill: Shadow Strike | Mana: 2 | Power: 20
BattleManager menerima skill: Shadow Strike | Mana: 2 | Power: 20
Temporary Run Stats telah direset.
Temporary Run Stats telah direset.
Memulai Battle 1: Ashen Wretch | HP: 50 | Damage: 12 | Reward: 10 | Run Stats: Max HP +0 | Basic Attack +0% | Guard Strength +0%
Memulai Battle 1: Ashen Wretch | HP: 50 | Damage: 12 | Reward: 10 | Run Stats: Max HP +0 | Basic Attack +0% | Guard Strength +0%
VITAL CORE Tier 1 dipilih. Max HP +15 | HP +15.
VITAL CORE Tier 1 dipilih. Max HP +15 | HP +15.
Run Stats: Max HP +15 | Basic Attack +0% | Guard Strength +0%
Run Stats: Max HP +15 | Basic Attack +0% | Guard Strength +0%
Memulai Battle 2: Veil Knight | HP: 65 | Damage: 14 | Reward: 18 | Run Stats: Max HP +15 | Basic Attack +0% | Guard Strength +0%
Memulai Battle 2: Veil Knight | HP: 65 | Damage: 14 | Reward: 18 | Run Stats: Max HP +15 | Basic Attack +0% | Guard Strength +0%
VITAL CORE Tier 1 dipilih. Max HP +15 | HP +15.
VITAL CORE Tier 1 dipilih. Max HP +15 | HP +15.
Run Stats: Max HP +30 | Basic Attack +0% | Guard Strength +0%
Run Stats: Max HP +30 | Basic Attack +0% | Guard Strength +0%
Memulai Battle 3: Abyss Herald | HP: 85 | Damage: 17 | Reward: 30 | Run Stats: Max HP +30 | Basic Attack +0% | Guard Strength +0%
Memulai Battle 3: Abyss Herald | HP: 85 | Damage: 17 | Reward: 30 | Run Stats: Max HP +30 | Basic Attack +0% | Guard Strength +0%
Temporary Run Stats telah direset.
Temporary Run Stats telah direset.
Memulai Battle 1: Ashen Wretch | HP: 50 | Damage: 12 | Reward: 10 | Run Stats: Max HP +0 | Basic Attack +0% | Guard Strength +0%
Memulai Battle 1: Ashen Wretch | HP: 50 | Damage: 12 | Reward: 10 | Run Stats: Max HP +0 | Basic Attack +0% | Guard Strength +0%
]]></output>
        </test-case>
        <test-case id="1097" name="TC_RES_004_SkillVictoryKeepsCostAndConvergenceMana" fullname="BattleSnapshotTests.TC_RES_004_SkillVictoryKeepsCostAndConvergenceMana" methodname="TC_RES_004_SkillVictoryKeepsCostAndConvergenceMana" classname="BattleSnapshotTests" runstate="Runnable" seed="1408416847" result="Passed" start-time="2026-09-13 15:14:22Z" end-time="2026-09-13 15:14:24Z" duration="1.560026" asserts="0">
          <properties>
            <property name="_JOINTYPE" value="UnityCombinatorial" />
            <property name="retryIteration" value="0" />
            <property name="repeatIteration" value="0" />
          </properties>
          <output><![CDATA[Database runtime diperbarui dari seed.
Database runtime diperbarui dari seed.
SQLite berhasil membaca skill! Nama: Shadow Strike | Mana: 2 | Power: 20
SQLite berhasil membaca skill! Nama: Shadow Strike | Mana: 2 | Power: 20
SQLite berhasil membaca enemy! Nama: Ashen Wretch | HP: 50 | Damage: 12
SQLite berhasil membaca enemy! Nama: Ashen Wretch | HP: 50 | Damage: 12
BattleManager menerima skill: Shadow Strike | Mana: 2 | Power: 20
BattleManager menerima skill: Shadow Strike | Mana: 2 | Power: 20
Temporary Run Stats telah direset.
Temporary Run Stats telah direset.
Memulai Battle 1: Ashen Wretch | HP: 50 | Damage: 12 | Reward: 10 | Run Stats: Max HP +0 | Basic Attack +0% | Guard Strength +0%
Memulai Battle 1: Ashen Wretch | HP: 50 | Damage: 12 | Reward: 10 | Run Stats: Max HP +0 | Basic Attack +0% | Guard Strength +0%
Convergence aktif: UNSTABLE PULSE | Memulihkan 1 Mana.
Convergence aktif: UNSTABLE PULSE | Memulihkan 1 Mana.
ATTACK SURGE Tier 1 dipilih. Basic Attack +10%.
ATTACK SURGE Tier 1 dipilih. Basic Attack +10%.
Run Stats: Max HP +0 | Basic Attack +10% | Guard Strength +0%
Run Stats: Max HP +0 | Basic Attack +10% | Guard Strength +0%
Memulai Battle 2: Veil Knight | HP: 65 | Damage: 14 | Reward: 18 | Run Stats: Max HP +0 | Basic Attack +10% | Guard Strength +0%
Memulai Battle 2: Veil Knight | HP: 65 | Damage: 14 | Reward: 18 | Run Stats: Max HP +0 | Basic Attack +10% | Guard Strength +0%
]]></output>
        </test-case>
        <test-suite type="ParameterizedMethod" id="1101" name="TC_RES_005_NodeEntryClampsOnlyOutOfRangeResources" fullname="BattleSnapshotTests.TC_RES_005_NodeEntryClampsOnlyOutOfRangeResources" classname="BattleSnapshotTests" runstate="Runnable" testcasecount="3" result="Passed" start-time="2026-09-13 15:14:24Z" end-time="2026-09-13 15:14:24Z" duration="0.196026" total="3" passed="3" failed="0" inconclusive="0" skipped="0" asserts="0">
          <properties />
          <test-case id="1098" name="TC_RES_005_NodeEntryClampsOnlyOutOfRangeResources(160,15,100,10)" fullname="BattleSnapshotTests.TC_RES_005_NodeEntryClampsOnlyOutOfRangeResources(160,15,100,10)" methodname="TC_RES_005_NodeEntryClampsOnlyOutOfRangeResources" classname="BattleSnapshotTests" runstate="Runnable" seed="70462860" result="Passed" start-time="2026-09-13 15:14:24Z" end-time="2026-09-13 15:14:24Z" duration="0.061735" asserts="0">
            <properties>
              <property name="retryIteration" value="0" />
              <property name="repeatIteration" value="0" />
            </properties>
            <output><![CDATA[Database runtime diperbarui dari seed.
Database runtime diperbarui dari seed.
SQLite berhasil membaca skill! Nama: Shadow Strike | Mana: 2 | Power: 20
SQLite berhasil membaca skill! Nama: Shadow Strike | Mana: 2 | Power: 20
SQLite berhasil membaca enemy! Nama: Ashen Wretch | HP: 50 | Damage: 12
SQLite berhasil membaca enemy! Nama: Ashen Wretch | HP: 50 | Damage: 12
BattleManager menerima skill: Shadow Strike | Mana: 2 | Power: 20
BattleManager menerima skill: Shadow Strike | Mana: 2 | Power: 20
Temporary Run Stats telah direset.
Temporary Run Stats telah direset.
Memulai Battle 1: Ashen Wretch | HP: 50 | Damage: 12 | Reward: 10 | Run Stats: Max HP +0 | Basic Attack +0% | Guard Strength +0%
Memulai Battle 1: Ashen Wretch | HP: 50 | Damage: 12 | Reward: 10 | Run Stats: Max HP +0 | Basic Attack +0% | Guard Strength +0%
Memulai Battle 1: Ashen Wretch | HP: 50 | Damage: 12 | Reward: 10 | Run Stats: Max HP +0 | Basic Attack +0% | Guard Strength +0%
Memulai Battle 1: Ashen Wretch | HP: 50 | Damage: 12 | Reward: 10 | Run Stats: Max HP +0 | Basic Attack +0% | Guard Strength +0%
]]></output>
          </test-case>
          <test-case id="1099" name="TC_RES_005_NodeEntryClampsOnlyOutOfRangeResources(43,-1,43,0)" fullname="BattleSnapshotTests.TC_RES_005_NodeEntryClampsOnlyOutOfRangeResources(43,-1,43,0)" methodname="TC_RES_005_NodeEntryClampsOnlyOutOfRangeResources" classname="BattleSnapshotTests" runstate="Runnable" seed="2083552514" result="Passed" start-time="2026-09-13 15:14:24Z" end-time="2026-09-13 15:14:24Z" duration="0.061738" asserts="0">
            <properties>
              <property name="retryIteration" value="0" />
              <property name="repeatIteration" value="0" />
            </properties>
            <output><![CDATA[Database runtime diperbarui dari seed.
Database runtime diperbarui dari seed.
SQLite berhasil membaca skill! Nama: Shadow Strike | Mana: 2 | Power: 20
SQLite berhasil membaca skill! Nama: Shadow Strike | Mana: 2 | Power: 20
SQLite berhasil membaca enemy! Nama: Ashen Wretch | HP: 50 | Damage: 12
SQLite berhasil membaca enemy! Nama: Ashen Wretch | HP: 50 | Damage: 12
BattleManager menerima skill: Shadow Strike | Mana: 2 | Power: 20
BattleManager menerima skill: Shadow Strike | Mana: 2 | Power: 20
Temporary Run Stats telah direset.
Temporary Run Stats telah direset.
Memulai Battle 1: Ashen Wretch | HP: 50 | Damage: 12 | Reward: 10 | Run Stats: Max HP +0 | Basic Attack +0% | Guard Strength +0%
Memulai Battle 1: Ashen Wretch | HP: 50 | Damage: 12 | Reward: 10 | Run Stats: Max HP +0 | Basic Attack +0% | Guard Strength +0%
Memulai Battle 1: Ashen Wretch | HP: 50 | Damage: 12 | Reward: 10 | Run Stats: Max HP +0 | Basic Attack +0% | Guard Strength +0%
Memulai Battle 1: Ashen Wretch | HP: 50 | Damage: 12 | Reward: 10 | Run Stats: Max HP +0 | Basic Attack +0% | Guard Strength +0%
]]></output>
          </test-case>
          <test-case id="1100" name="TC_RES_005_NodeEntryClampsOnlyOutOfRangeResources(1,0,1,0)" fullname="BattleSnapshotTests.TC_RES_005_NodeEntryClampsOnlyOutOfRangeResources(1,0,1,0)" methodname="TC_RES_005_NodeEntryClampsOnlyOutOfRangeResources" classname="BattleSnapshotTests" runstate="Runnable" seed="472727589" result="Passed" start-time="2026-09-13 15:14:24Z" end-time="2026-09-13 15:14:24Z" duration="0.071217" asserts="0">
            <properties>
              <property name="retryIteration" value="0" />
              <property name="repeatIteration" value="0" />
            </properties>
            <output><![CDATA[Database runtime diperbarui dari seed.
Database runtime diperbarui dari seed.
SQLite berhasil membaca skill! Nama: Shadow Strike | Mana: 2 | Power: 20
SQLite berhasil membaca skill! Nama: Shadow Strike | Mana: 2 | Power: 20
SQLite berhasil membaca enemy! Nama: Ashen Wretch | HP: 50 | Damage: 12
SQLite berhasil membaca enemy! Nama: Ashen Wretch | HP: 50 | Damage: 12
BattleManager menerima skill: Shadow Strike | Mana: 2 | Power: 20
BattleManager menerima skill: Shadow Strike | Mana: 2 | Power: 20
Temporary Run Stats telah direset.
Temporary Run Stats telah direset.
Memulai Battle 1: Ashen Wretch | HP: 50 | Damage: 12 | Reward: 10 | Run Stats: Max HP +0 | Basic Attack +0% | Guard Strength +0%
Memulai Battle 1: Ashen Wretch | HP: 50 | Damage: 12 | Reward: 10 | Run Stats: Max HP +0 | Basic Attack +0% | Guard Strength +0%
Memulai Battle 1: Ashen Wretch | HP: 50 | Damage: 12 | Reward: 10 | Run Stats: Max HP +0 | Basic Attack +0% | Guard Strength +0%
Memulai Battle 1: Ashen Wretch | HP: 50 | Damage: 12 | Reward: 10 | Run Stats: Max HP +0 | Basic Attack +0% | Guard Strength +0%
]]></output>
          </test-case>
        </test-suite>
        <test-suite type="ParameterizedMethod" id="1104" name="TC_RES_006_RestartClampsConfiguredStartingMana" fullname="BattleSnapshotTests.TC_RES_006_RestartClampsConfiguredStartingMana" classname="BattleSnapshotTests" runstate="Runnable" testcasecount="2" result="Passed" start-time="2026-09-13 15:14:24Z" end-time="2026-09-13 15:14:24Z" duration="0.122515" total="2" passed="2" failed="0" inconclusive="0" skipped="0" asserts="0">
          <properties />
          <test-case id="1102" name="TC_RES_006_RestartClampsConfiguredStartingMana(-3,0)" fullname="BattleSnapshotTests.TC_RES_006_RestartClampsConfiguredStartingMana(-3,0)" methodname="TC_RES_006_RestartClampsConfiguredStartingMana" classname="BattleSnapshotTests" runstate="Runnable" seed="1953877845" result="Passed" start-time="2026-09-13 15:14:24Z" end-time="2026-09-13 15:14:24Z" duration="0.060315" asserts="0">
            <properties>
              <property name="retryIteration" value="0" />
              <property name="repeatIteration" value="0" />
            </properties>
            <output><![CDATA[Database runtime diperbarui dari seed.
Database runtime diperbarui dari seed.
SQLite berhasil membaca skill! Nama: Shadow Strike | Mana: 2 | Power: 20
SQLite berhasil membaca skill! Nama: Shadow Strike | Mana: 2 | Power: 20
SQLite berhasil membaca enemy! Nama: Ashen Wretch | HP: 50 | Damage: 12
SQLite berhasil membaca enemy! Nama: Ashen Wretch | HP: 50 | Damage: 12
BattleManager menerima skill: Shadow Strike | Mana: 2 | Power: 20
BattleManager menerima skill: Shadow Strike | Mana: 2 | Power: 20
Temporary Run Stats telah direset.
Temporary Run Stats telah direset.
Memulai Battle 1: Ashen Wretch | HP: 50 | Damage: 12 | Reward: 10 | Run Stats: Max HP +0 | Basic Attack +0% | Guard Strength +0%
Memulai Battle 1: Ashen Wretch | HP: 50 | Damage: 12 | Reward: 10 | Run Stats: Max HP +0 | Basic Attack +0% | Guard Strength +0%
Temporary Run Stats telah direset.
Temporary Run Stats telah direset.
Memulai Battle 1: Ashen Wretch | HP: 50 | Damage: 12 | Reward: 10 | Run Stats: Max HP +0 | Basic Attack +0% | Guard Strength +0%
Memulai Battle 1: Ashen Wretch | HP: 50 | Damage: 12 | Reward: 10 | Run Stats: Max HP +0 | Basic Attack +0% | Guard Strength +0%
]]></output>
          </test-case>
          <test-case id="1103" name="TC_RES_006_RestartClampsConfiguredStartingMana(50,10)" fullname="BattleSnapshotTests.TC_RES_006_RestartClampsConfiguredStartingMana(50,10)" methodname="TC_RES_006_RestartClampsConfiguredStartingMana" classname="BattleSnapshotTests" runstate="Runnable" seed="900657782" result="Passed" start-time="2026-09-13 15:14:24Z" end-time="2026-09-13 15:14:24Z" duration="0.060948" asserts="0">
            <properties>
              <property name="retryIteration" value="0" />
              <property name="repeatIteration" value="0" />
            </properties>
            <output><![CDATA[Database runtime diperbarui dari seed.
Database runtime diperbarui dari seed.
SQLite berhasil membaca skill! Nama: Shadow Strike | Mana: 2 | Power: 20
SQLite berhasil membaca skill! Nama: Shadow Strike | Mana: 2 | Power: 20
SQLite berhasil membaca enemy! Nama: Ashen Wretch | HP: 50 | Damage: 12
SQLite berhasil membaca enemy! Nama: Ashen Wretch | HP: 50 | Damage: 12
BattleManager menerima skill: Shadow Strike | Mana: 2 | Power: 20
BattleManager menerima skill: Shadow Strike | Mana: 2 | Power: 20
Temporary Run Stats telah direset.
Temporary Run Stats telah direset.
Memulai Battle 1: Ashen Wretch | HP: 50 | Damage: 12 | Reward: 10 | Run Stats: Max HP +0 | Basic Attack +0% | Guard Strength +0%
Memulai Battle 1: Ashen Wretch | HP: 50 | Damage: 12 | Reward: 10 | Run Stats: Max HP +0 | Basic Attack +0% | Guard Strength +0%
Temporary Run Stats telah direset.
Temporary Run Stats telah direset.
Memulai Battle 1: Ashen Wretch | HP: 50 | Damage: 12 | Reward: 10 | Run Stats: Max HP +0 | Basic Attack +0% | Guard Strength +0%
Memulai Battle 1: Ashen Wretch | HP: 50 | Damage: 12 | Reward: 10 | Run Stats: Max HP +0 | Basic Attack +0% | Guard Strength +0%
]]></output>
          </test-case>
        </test-suite>
        <test-case id="1092" name="TC_RUN_001_RunModifierCollectionAggregatesAndResets" fullname="BattleSnapshotTests.TC_RUN_001_RunModifierCollectionAggregatesAndResets" methodname="TC_RUN_001_RunModifierCollectionAggregatesAndResets" classname="BattleSnapshotTests" runstate="Runnable" seed="1029260355" result="Passed" start-time="2026-09-13 15:14:24Z" end-time="2026-09-13 15:14:24Z" duration="0.064034" asserts="0">
          <properties>
            <property name="retryIteration" value="0" />
            <property name="repeatIteration" value="0" />
          </properties>
          <output><![CDATA[Database runtime diperbarui dari seed.
Database runtime diperbarui dari seed.
SQLite berhasil membaca skill! Nama: Shadow Strike | Mana: 2 | Power: 20
SQLite berhasil membaca skill! Nama: Shadow Strike | Mana: 2 | Power: 20
SQLite berhasil membaca enemy! Nama: Ashen Wretch | HP: 50 | Damage: 12
SQLite berhasil membaca enemy! Nama: Ashen Wretch | HP: 50 | Damage: 12
BattleManager menerima skill: Shadow Strike | Mana: 2 | Power: 20
BattleManager menerima skill: Shadow Strike | Mana: 2 | Power: 20
Temporary Run Stats telah direset.
Temporary Run Stats telah direset.
Memulai Battle 1: Ashen Wretch | HP: 50 | Damage: 12 | Reward: 10 | Run Stats: Max HP +0 | Basic Attack +0% | Guard Strength +0%
Memulai Battle 1: Ashen Wretch | HP: 50 | Damage: 12 | Reward: 10 | Run Stats: Max HP +0 | Basic Attack +0% | Guard Strength +0%
Temporary Run Stats telah direset.
Temporary Run Stats telah direset.
]]></output>
        </test-case>
        <test-case id="1083" name="TC_RWD_001_NonFinalVictoryOpensModalAutomatically" fullname="BattleSnapshotTests.TC_RWD_001_NonFinalVictoryOpensModalAutomatically" methodname="TC_RWD_001_NonFinalVictoryOpensModalAutomatically" classname="BattleSnapshotTests" runstate="Runnable" seed="1381831350" result="Passed" start-time="2026-09-13 15:14:24Z" end-time="2026-09-13 15:14:25Z" duration="0.866919" asserts="0">
          <properties>
            <property name="_JOINTYPE" value="UnityCombinatorial" />
            <property name="retryIteration" value="0" />
            <property name="repeatIteration" value="0" />
          </properties>
          <output><![CDATA[Database runtime diperbarui dari seed.
Database runtime diperbarui dari seed.
SQLite berhasil membaca skill! Nama: Shadow Strike | Mana: 2 | Power: 20
SQLite berhasil membaca skill! Nama: Shadow Strike | Mana: 2 | Power: 20
SQLite berhasil membaca enemy! Nama: Ashen Wretch | HP: 50 | Damage: 12
SQLite berhasil membaca enemy! Nama: Ashen Wretch | HP: 50 | Damage: 12
BattleManager menerima skill: Shadow Strike | Mana: 2 | Power: 20
BattleManager menerima skill: Shadow Strike | Mana: 2 | Power: 20
Temporary Run Stats telah direset.
Temporary Run Stats telah direset.
Memulai Battle 1: Ashen Wretch | HP: 50 | Damage: 12 | Reward: 10 | Run Stats: Max HP +0 | Basic Attack +0% | Guard Strength +0%
Memulai Battle 1: Ashen Wretch | HP: 50 | Damage: 12 | Reward: 10 | Run Stats: Max HP +0 | Basic Attack +0% | Guard Strength +0%
]]></output>
        </test-case>
        <test-case id="1084" name="TC_RWD_002_PortraitCardsEnterAndSupportPointerAndFocus" fullname="BattleSnapshotTests.TC_RWD_002_PortraitCardsEnterAndSupportPointerAndFocus" methodname="TC_RWD_002_PortraitCardsEnterAndSupportPointerAndFocus" classname="BattleSnapshotTests" runstate="Runnable" seed="764226462" result="Passed" start-time="2026-09-13 15:14:25Z" end-time="2026-09-13 15:14:28Z" duration="2.595775" asserts="0">
          <properties>
            <property name="_JOINTYPE" value="UnityCombinatorial" />
            <property name="retryIteration" value="0" />
            <property name="repeatIteration" value="0" />
          </properties>
          <output><![CDATA[Database runtime diperbarui dari seed.
Database runtime diperbarui dari seed.
SQLite berhasil membaca skill! Nama: Shadow Strike | Mana: 2 | Power: 20
SQLite berhasil membaca skill! Nama: Shadow Strike | Mana: 2 | Power: 20
SQLite berhasil membaca enemy! Nama: Ashen Wretch | HP: 50 | Damage: 12
SQLite berhasil membaca enemy! Nama: Ashen Wretch | HP: 50 | Damage: 12
BattleManager menerima skill: Shadow Strike | Mana: 2 | Power: 20
BattleManager menerima skill: Shadow Strike | Mana: 2 | Power: 20
Temporary Run Stats telah direset.
Temporary Run Stats telah direset.
Memulai Battle 1: Ashen Wretch | HP: 50 | Damage: 12 | Reward: 10 | Run Stats: Max HP +0 | Basic Attack +0% | Guard Strength +0%
Memulai Battle 1: Ashen Wretch | HP: 50 | Damage: 12 | Reward: 10 | Run Stats: Max HP +0 | Basic Attack +0% | Guard Strength +0%
]]></output>
        </test-case>
        <test-case id="1085" name="TC_RWD_003_RapidSelectionAppliesOnceAndAdvancesOneNode" fullname="BattleSnapshotTests.TC_RWD_003_RapidSelectionAppliesOnceAndAdvancesOneNode" methodname="TC_RWD_003_RapidSelectionAppliesOnceAndAdvancesOneNode" classname="BattleSnapshotTests" runstate="Runnable" seed="1728402593" result="Passed" start-time="2026-09-13 15:14:28Z" end-time="2026-09-13 15:14:30Z" duration="2.708820" asserts="0">
          <properties>
            <property name="_JOINTYPE" value="UnityCombinatorial" />
            <property name="retryIteration" value="0" />
            <property name="repeatIteration" value="0" />
          </properties>
          <output><![CDATA[Database runtime diperbarui dari seed.
Database runtime diperbarui dari seed.
SQLite berhasil membaca skill! Nama: Shadow Strike | Mana: 2 | Power: 20
SQLite berhasil membaca skill! Nama: Shadow Strike | Mana: 2 | Power: 20
SQLite berhasil membaca enemy! Nama: Ashen Wretch | HP: 50 | Damage: 12
SQLite berhasil membaca enemy! Nama: Ashen Wretch | HP: 50 | Damage: 12
BattleManager menerima skill: Shadow Strike | Mana: 2 | Power: 20
BattleManager menerima skill: Shadow Strike | Mana: 2 | Power: 20
Temporary Run Stats telah direset.
Temporary Run Stats telah direset.
Memulai Battle 1: Ashen Wretch | HP: 50 | Damage: 12 | Reward: 10 | Run Stats: Max HP +0 | Basic Attack +0% | Guard Strength +0%
Memulai Battle 1: Ashen Wretch | HP: 50 | Damage: 12 | Reward: 10 | Run Stats: Max HP +0 | Basic Attack +0% | Guard Strength +0%
VITAL CORE Tier 1 dipilih. Max HP +15 | HP +15.
VITAL CORE Tier 1 dipilih. Max HP +15 | HP +15.
Run Stats: Max HP +15 | Basic Attack +0% | Guard Strength +0%
Run Stats: Max HP +15 | Basic Attack +0% | Guard Strength +0%
Memulai Battle 2: Veil Knight | HP: 65 | Damage: 14 | Reward: 18 | Run Stats: Max HP +15 | Basic Attack +0% | Guard Strength +0%
Memulai Battle 2: Veil Knight | HP: 65 | Damage: 14 | Reward: 18 | Run Stats: Max HP +15 | Basic Attack +0% | Guard Strength +0%
]]></output>
        </test-case>
        <test-case id="1086" name="TC_RWD_005_Tier10EligibilityStartsAtDepth1001" fullname="BattleSnapshotTests.TC_RWD_005_Tier10EligibilityStartsAtDepth1001" methodname="TC_RWD_005_Tier10EligibilityStartsAtDepth1001" classname="BattleSnapshotTests" runstate="Runnable" seed="1973786157" result="Passed" start-time="2026-09-13 15:14:30Z" end-time="2026-09-13 15:14:30Z" duration="0.061957" asserts="0">
          <properties>
            <property name="retryIteration" value="0" />
            <property name="repeatIteration" value="0" />
          </properties>
          <output><![CDATA[Database runtime diperbarui dari seed.
Database runtime diperbarui dari seed.
SQLite berhasil membaca skill! Nama: Shadow Strike | Mana: 2 | Power: 20
SQLite berhasil membaca skill! Nama: Shadow Strike | Mana: 2 | Power: 20
SQLite berhasil membaca enemy! Nama: Ashen Wretch | HP: 50 | Damage: 12
SQLite berhasil membaca enemy! Nama: Ashen Wretch | HP: 50 | Damage: 12
BattleManager menerima skill: Shadow Strike | Mana: 2 | Power: 20
BattleManager menerima skill: Shadow Strike | Mana: 2 | Power: 20
Temporary Run Stats telah direset.
Temporary Run Stats telah direset.
Memulai Battle 1: Ashen Wretch | HP: 50 | Damage: 12 | Reward: 10 | Run Stats: Max HP +0 | Basic Attack +0% | Guard Strength +0%
Memulai Battle 1: Ashen Wretch | HP: 50 | Damage: 12 | Reward: 10 | Run Stats: Max HP +0 | Basic Attack +0% | Guard Strength +0%
Saving results to: C:/Users/Akmal Maulana Ghani/AppData/LocalLow/syngrava-battle-tests-fddf499483094ef2a749b54bf9cb4f12/SYNGRAVA_BattleTests\TestResults.xml
Saving results to: C:/Users/Akmal Maulana Ghani/AppData/LocalLow/syngrava-battle-tests-fddf499483094ef2a749b54bf9cb4f12/SYNGRAVA_BattleTests\TestResults.xml
]]></output>
        </test-case>
      </test-suite>
    </test-suite>
  </test-suite>
</test-run>